<?xml version="1.0" encoding="UTF-8"?>
<testng-results skipped="0" failed="0" total="1" passed="1">
  <reporter-output>
  </reporter-output>
  <suite name="Regression Suite" duration-ms="661" started-at="2019-05-25T07:25:47Z" finished-at="2019-05-25T07:25:47Z">
    <groups>
      <group name="cucumber">
        <method signature="AbstractTestNGCucumberTests.feature(cucumber.api.testng.CucumberFeatureWrapper)[pri:0, instance:Runner.CucumberRunner@6f1fba17]" name="feature" class="cucumber.api.testng.AbstractTestNGCucumberTests"/>
      </group> <!-- cucumber -->
    </groups>
    <test name="cucumber jenkins" duration-ms="661" started-at="2019-05-25T07:25:47Z" finished-at="2019-05-25T07:25:47Z">
      <class name="Runner.CucumberRunner">
        <test-method status="PASS" signature="setUpClass()[pri:0, instance:Runner.CucumberRunner@6f1fba17]" name="setUpClass" is-config="true" duration-ms="174" started-at="2019-05-25T03:25:47Z" finished-at="2019-05-25T03:25:47Z">
          <reporter-output>
          </reporter-output>
        </test-method> <!-- setUpClass -->
        <test-method status="PASS" signature="feature(cucumber.api.testng.CucumberFeatureWrapper)[pri:0, instance:Runner.CucumberRunner@6f1fba17]" name="feature" duration-ms="405" started-at="2019-05-25T03:25:47Z" description="Runs Cucumber Feature" data-provider="features" finished-at="2019-05-25T03:25:47Z">
          <params>
            <param index="0">
              <value>
                <![CDATA[Create DB, create Table, and write results]]>
              </value>
            </param>
          </params>
          <reporter-output>
          </reporter-output>
        </test-method> <!-- feature -->
        <test-method status="PASS" signature="tearDownClass()[pri:0, instance:Runner.CucumberRunner@6f1fba17]" name="tearDownClass" is-config="true" duration-ms="5" started-at="2019-05-25T03:25:47Z" finished-at="2019-05-25T03:25:47Z">
          <reporter-output>
          </reporter-output>
        </test-method> <!-- tearDownClass -->
      </class> <!-- Runner.CucumberRunner -->
    </test> <!-- cucumber jenkins -->
  </suite> <!-- Regression Suite -->
</testng-results>
