<?xml version="1.0" encoding="UTF-8"?>
<testng-results skipped="0" failed="0" total="1" passed="1">
  <reporter-output>
  </reporter-output>
  <suite name="Regression Suite" duration-ms="1025" started-at="2019-05-06T23:54:18Z" finished-at="2019-05-06T23:54:19Z">
    <groups>
      <group name="cucumber">
        <method signature="AbstractTestNGCucumberTests.feature(cucumber.api.testng.CucumberFeatureWrapper)[pri:0, instance:Runner.CucumberRunner@520a3426]" name="feature" class="cucumber.api.testng.AbstractTestNGCucumberTests"/>
      </group> <!-- cucumber -->
    </groups>
    <test name="cucumber jenkins" duration-ms="1025" started-at="2019-05-06T23:54:18Z" finished-at="2019-05-06T23:54:19Z">
      <class name="Runner.CucumberRunner">
        <test-method status="PASS" signature="setUpClass()[pri:0, instance:Runner.CucumberRunner@520a3426]" name="setUpClass" is-config="true" duration-ms="200" started-at="2019-05-06T19:54:18Z" finished-at="2019-05-06T19:54:18Z">
          <reporter-output>
          </reporter-output>
        </test-method> <!-- setUpClass -->
        <test-method status="PASS" signature="feature(cucumber.api.testng.CucumberFeatureWrapper)[pri:0, instance:Runner.CucumberRunner@520a3426]" name="feature" duration-ms="716" started-at="2019-05-06T19:54:18Z" description="Runs Cucumber Feature" data-provider="features" finished-at="2019-05-06T19:54:19Z">
          <params>
            <param index="0">
              <value>
                <![CDATA[create Results folder and write to excel]]>
              </value>
            </param>
          </params>
          <reporter-output>
          </reporter-output>
        </test-method> <!-- feature -->
        <test-method status="PASS" signature="tearDownClass()[pri:0, instance:Runner.CucumberRunner@520a3426]" name="tearDownClass" is-config="true" duration-ms="5" started-at="2019-05-06T19:54:19Z" finished-at="2019-05-06T19:54:19Z">
          <reporter-output>
          </reporter-output>
        </test-method> <!-- tearDownClass -->
      </class> <!-- Runner.CucumberRunner -->
    </test> <!-- cucumber jenkins -->
  </suite> <!-- Regression Suite -->
</testng-results>
